<?xml version="1.0" encoding="UTF-8"?>
<!-- Generated by org.testng.reporters.JUnitXMLReporter -->
<testsuite ignored="0" hostname="DESKTOP-MBJ7Q79" failures="0" tests="2" name="ErrorValidationTest" time="24.596" errors="0" timestamp="2023-08-08T17:56:07 IST">
  <testcase classname="AutomationLearning.tests.ErrorValidations" name="loginErrorValidation" time="1.633"/>
  <testcase classname="AutomationLearning.tests.ErrorValidations" name="productErrorValidation" time="3.343"/>
</testsuite> <!-- ErrorValidationTest -->
