<?xml version="1.0" encoding="UTF-8"?>
<!-- Generated by org.testng.reporters.JUnitXMLReporter -->
<testsuite ignored="0" hostname="DESKTOP-MBJ7Q79" failures="0" tests="2" name="SubmitOrderTest" time="43.235" errors="0" timestamp="2023-08-08T17:56:25 IST">
  <testcase classname="AutomationLearning.tests.SubmitOrderJsonTest" name="submitOrder" time="12.635"/>
  <testcase classname="AutomationLearning.tests.SubmitOrderJsonTest" name="submitOrder" time="10.846"/>
</testsuite> <!-- SubmitOrderTest -->
