<?xml version="1.0" encoding="UTF-8"?>
<!-- Generated by org.testng.reporters.JUnitXMLReporter -->
<testsuite ignored="0" hostname="DESKTOP-MBJ7Q79" failures="0" tests="2" name="ErrorValidationTest" time="37.626" errors="0" timestamp="2023-08-10T12:54:08 IST">
  <testcase classname="AutomationLearning.tests.ErrorValidations" name="loginErrorValidation" time="1.479"/>
  <testcase classname="AutomationLearning.tests.ErrorValidations" name="productErrorValidation" time="10.756"/>
</testsuite> <!-- ErrorValidationTest -->
