<?xml version="1.0" encoding="UTF-8"?>
<!-- Generated by org.testng.reporters.JUnitXMLReporter -->
<testsuite ignored="0" hostname="DESKTOP-MBJ7Q79" failures="0" tests="2" name="SubmitOrderTest" time="43.994" errors="0" timestamp="2023-08-10T12:54:14 IST">
  <testcase classname="AutomationLearning.tests.SubmitOrderJsonTest" name="submitOrder" time="7.253"/>
  <testcase classname="AutomationLearning.tests.SubmitOrderJsonTest" name="submitOrder" time="10.867"/>
</testsuite> <!-- SubmitOrderTest -->
