<?xml version="1.0" encoding="UTF-8"?>
<testng-results ignored="0" total="2" passed="2" failed="0" skipped="0">
  <reporter-output>
  </reporter-output>
  <suite started-at="2023-08-11T17:23:35 IST" name="Default suite" finished-at="2023-08-11T17:24:25 IST" duration-ms="50112">
    <groups>
      <group name="cucumber">
        <method signature="AbstractTestNGCucumberTests.runScenario(io.cucumber.testng.PickleWrapper,io.cucumber.testng.FeatureWrapper)[pri:0, instance:cucumbertut.TestNGTestRunner@7161d8d1]" name="runScenario" class="io.cucumber.testng.AbstractTestNGCucumberTests"/>
      </group> <!-- cucumber -->
    </groups>
    <test started-at="2023-08-11T17:23:35 IST" name="Default test" finished-at="2023-08-11T17:24:25 IST" duration-ms="50112">
      <class name="cucumbertut.TestNGTestRunner">
        <test-method is-config="true" signature="setUpClass(org.testng.ITestContext)[pri:0, instance:cucumbertut.TestNGTestRunner@7161d8d1]" started-at="2023-08-11T17:23:35 IST" name="setUpClass" finished-at="2023-08-11T17:23:36 IST" duration-ms="1303" status="PASS">
          <params>
            <param index="0">
              <value>
                <![CDATA[org.testng.TestRunner@47187f50]]>
              </value>
            </param>
          </params>
          <reporter-output>
          </reporter-output>
        </test-method> <!-- setUpClass -->
        <test-method signature="runScenario(io.cucumber.testng.PickleWrapper,io.cucumber.testng.FeatureWrapper)[pri:0, instance:cucumbertut.TestNGTestRunner@7161d8d1]" started-at="2023-08-11T17:23:36 IST" name="runScenario" description="Runs Cucumber Scenarios" data-provider="scenarios" finished-at="2023-08-11T17:24:02 IST" duration-ms="25644" status="PASS">
          <params>
            <param index="0">
              <value>
                <![CDATA["User submitting the order"]]>
              </value>
            </param>
            <param index="1">
              <value>
                <![CDATA["Purchase a product from ecommerce site"]]>
              </value>
            </param>
          </params>
          <reporter-output>
          </reporter-output>
        </test-method> <!-- runScenario -->
        <test-method signature="runScenario(io.cucumber.testng.PickleWrapper,io.cucumber.testng.FeatureWrapper)[pri:0, instance:cucumbertut.TestNGTestRunner@7161d8d1]" started-at="2023-08-11T17:24:02 IST" name="runScenario" description="Runs Cucumber Scenarios" data-provider="scenarios" finished-at="2023-08-11T17:24:25 IST" duration-ms="22992" status="PASS">
          <params>
            <param index="0">
              <value>
                <![CDATA["User submitting the order"]]>
              </value>
            </param>
            <param index="1">
              <value>
                <![CDATA["Purchase a product from ecommerce site"]]>
              </value>
            </param>
          </params>
          <reporter-output>
          </reporter-output>
        </test-method> <!-- runScenario -->
        <test-method is-config="true" signature="tearDownClass()[pri:0, instance:cucumbertut.TestNGTestRunner@7161d8d1]" started-at="2023-08-11T17:24:25 IST" name="tearDownClass" finished-at="2023-08-11T17:24:25 IST" duration-ms="92" status="PASS">
          <reporter-output>
          </reporter-output>
        </test-method> <!-- tearDownClass -->
      </class> <!-- cucumbertut.TestNGTestRunner -->
    </test> <!-- Default test -->
  </suite> <!-- Default suite -->
</testng-results>
